[debug] [2018-01-30T06:17:34.931Z] ----------------------------------------------------------------------
[debug] [2018-01-30T06:17:34.933Z] Command:       /Users/nicholasjuntilla/.nvm/versions/node/v9.3.0/bin/node /Users/nicholasjuntilla/.nvm/versions/node/v9.3.0/bin/firebase serve
[debug] [2018-01-30T06:17:34.933Z] CLI Version:   3.17.4
[debug] [2018-01-30T06:17:34.933Z] Platform:      darwin
[debug] [2018-01-30T06:17:34.933Z] Node Version:  v9.3.0
[debug] [2018-01-30T06:17:34.933Z] Time:          Mon Jan 29 2018 22:17:34 GMT-0800 (PST)
[debug] [2018-01-30T06:17:34.934Z] ----------------------------------------------------------------------
[debug] 
[debug] [2018-01-30T06:17:34.947Z] > command requires scopes: ["email","openid","https://www.googleapis.com/auth/cloudplatformprojects.readonly","https://www.googleapis.com/auth/firebase","https://www.googleapis.com/auth/cloud-platform"]
[debug] [2018-01-30T06:17:34.947Z] > authorizing via signed-in user
[debug] [2018-01-30T06:17:34.949Z] > refreshing access token with scopes: ["email","https://www.googleapis.com/auth/cloud-platform","https://www.googleapis.com/auth/cloudplatformprojects.readonly","https://www.googleapis.com/auth/firebase","openid"]
[debug] [2018-01-30T06:17:34.949Z] >>> HTTP REQUEST POST https://www.googleapis.com/oauth2/v3/token  
 { refresh_token: '1/D1f8Uv2fNly9Mqgjxu8IRC6nWjgppkw_pVFtDSP6y0A',
  client_id: '563584335869-fgrhgmd47bqnekij5i8b5pr03ho849e6.apps.googleusercontent.com',
  client_secret: 'j9iVZfS8kkCEFUPaAeJV0sAi',
  grant_type: 'refresh_token',
  scope: 'email https://www.googleapis.com/auth/cloud-platform https://www.googleapis.com/auth/cloudplatformprojects.readonly https://www.googleapis.com/auth/firebase openid' } 
 Mon Jan 29 2018 22:17:34 GMT-0800 (PST)
[debug] [2018-01-30T06:17:35.165Z] <<< HTTP RESPONSE 200
[debug] [2018-01-30T06:17:35.178Z] >>> HTTP REQUEST GET https://admin.firebase.com/v1/projects/receiptcoin-receiptchain-de560  
  
 Mon Jan 29 2018 22:17:35 GMT-0800 (PST)
[debug] [2018-01-30T06:17:35.669Z] <<< HTTP RESPONSE 200
[debug] [2018-01-30T06:17:35.670Z] >>> HTTP REQUEST GET https://admin.firebase.com/v1/database/receiptcoin-receiptchain-de560/tokens  
  
 Mon Jan 29 2018 22:17:35 GMT-0800 (PST)
[debug] [2018-01-30T06:17:36.061Z] <<< HTTP RESPONSE 200
[info] 
[info] === Serving from '/Users/nicholasjuntilla/Documents/rcfirebase'...
[info] 
[debug] [2018-01-30T06:17:36.064Z] >>> HTTP REQUEST GET https://cloudresourcemanager.googleapis.com/v1/projects/receiptcoin-receiptchain-de560  
  
 Mon Jan 29 2018 22:17:36 GMT-0800 (PST)
[debug] [2018-01-30T06:17:36.459Z] <<< HTTP RESPONSE 200
[debug] [2018-01-30T06:17:36.460Z] >>> HTTP REQUEST GET https://mobilesdk-pa.googleapis.com/v1/projects/460319892555/clients/_:getWebAppConfig  
  
 Mon Jan 29 2018 22:17:36 GMT-0800 (PST)
[debug] [2018-01-30T06:17:37.007Z] <<< HTTP RESPONSE 200
[info] i  hosting: Serving hosting files from: public
[info] ✔  hosting: Local server: http://localhost:5000

